# JRE version: OpenJDK Runtime Environment Temurin-21.0.6+7 (21.0.6+7) (build 21.0.6+7-LTS)
# Java VM: OpenJDK 64-Bit Server VM Temurin-21.0.6+7 (21.0.6+7-LTS, mixed mode, emulated-client, sharing, tiered, compressed oops, compressed class ptrs, g1 gc, windows-amd64)
GC Precious Log:
 CardTable entry size: 512
 Card Set container configuration: InlinePtr #cards 5 size 8 Array Of Cards #cards 12 size 40 Howl #buckets 4 coarsen threshold 1843 Howl Bitmap #cards 512 size 80 coarsen threshold 460 Card regions per heap region 1 cards per card region 2048
 CPUs: 12 total, 12 available
 Memory: 7501M
 Large Page Support: Disabled
 NUMA Support: Disabled
 Compressed Oops: Enabled (32-bit)
 Heap Region Size: 1M
 Heap Min Capacity: 8M
 Heap Initial Capacity: 118M
 Heap Max Capacity: 1876M
 Pre-touch: Disabled
 Parallel Workers: 10
 Concurrent Workers: 3
 Concurrent Refinement Workers: 10
 Periodic GC: Disabled
Heap:
 garbage-first heap   total 84992K, used 40511K [0x000000008ac00000, 0x0000000100000000)
  region size 1024K, 1 young (1024K), 1 survivors (1024K)
 Metaspace       used 88521K, committed 89536K, reserved 1179648K
  class space    used 12648K, committed 13056K, reserved 1048576K
GC Heap History (20 events):
Event: 906.499 GC heap after
{Heap after GC invocations=52 (full 8):
 garbage-first heap   total 84992K, used 40545K [0x000000008ac00000, 0x0000000100000000)
  region size 1024K, 3 young (3072K), 3 survivors (3072K)
 Metaspace       used 87176K, committed 87936K, reserved 1179648K
  class space    used 12467K, committed 12800K, reserved 1048576K
}
Event: 1164.620 GC heap before
{Heap before GC invocations=52 (full 8):
 garbage-first heap   total 84992K, used 71265K [0x000000008ac00000, 0x0000000100000000)
  region size 1024K, 33 young (33792K), 3 survivors (3072K)
 Metaspace       used 87179K, committed 87936K, reserved 1179648K
  class space    used 12468K, committed 12800K, reserved 1048576K
}
Event: 1164.656 GC heap after
{Heap after GC invocations=53 (full 8):
 garbage-first heap   total 84992K, used 41310K [0x000000008ac00000, 0x0000000100000000)
  region size 1024K, 1 young (1024K), 1 survivors (1024K)
 Metaspace       used 87179K, committed 87936K, reserved 1179648K
  class space    used 12468K, committed 12800K, reserved 1048576K
}
Event: 1307.958 GC heap before
{Heap before GC invocations=54 (full 8):
 garbage-first heap   total 84992K, used 53598K [0x000000008ac00000, 0x0000000100000000)
  region size 1024K, 14 young (14336K), 1 survivors (1024K)
 Metaspace       used 87324K, committed 88064K, reserved 1179648K
  class space    used 12492K, committed 12800K, reserved 1048576K
}
Event: 1308.050 GC heap after
{Heap after GC invocations=55 (full 9):
 garbage-first heap   total 84992K, used 31459K [0x000000008ac00000, 0x0000000100000000)
  region size 1024K, 0 young (0K), 0 survivors (0K)
 Metaspace       used 87309K, committed 88064K, reserved 1179648K
  class space    used 12488K, committed 12800K, reserved 1048576K
}
Event: 1337.173 GC heap before
{Heap before GC invocations=55 (full 9):
 garbage-first heap   total 84992K, used 72419K [0x000000008ac00000, 0x0000000100000000)
  region size 1024K, 40 young (40960K), 0 survivors (0K)
 Metaspace       used 87641K, committed 88384K, reserved 1179648K
  class space    used 12542K, committed 12864K, reserved 1048576K
}
Event: 1337.180 GC heap after
{Heap after GC invocations=56 (full 9):
 garbage-first heap   total 84992K, used 35109K [0x000000008ac00000, 0x0000000100000000)
  region size 1024K, 4 young (4096K), 4 survivors (4096K)
 Metaspace       used 87641K, committed 88384K, reserved 1179648K
  class space    used 12542K, committed 12864K, reserved 1048576K
}
Event: 1338.150 GC heap before
{Heap before GC invocations=56 (full 9):
 garbage-first heap   total 84992K, used 71973K [0x000000008ac00000, 0x0000000100000000)
  region size 1024K, 41 young (41984K), 4 survivors (4096K)
 Metaspace       used 87997K, committed 88896K, reserved 1179648K
  class space    used 12603K, committed 12992K, reserved 1048576K
}
Event: 1338.167 GC heap after
{Heap after GC invocations=57 (full 9):
 garbage-first heap   total 84992K, used 39019K [0x000000008ac00000, 0x0000000100000000)
  region size 1024K, 4 young (4096K), 4 survivors (4096K)
 Metaspace       used 87997K, committed 88896K, reserved 1179648K
  class space    used 12603K, committed 12992K, reserved 1048576K
}
Event: 1388.682 GC heap before
{Heap before GC invocations=57 (full 9):
 garbage-first heap   total 84992K, used 72811K [0x000000008ac00000, 0x0000000100000000)
  region size 1024K, 37 young (37888K), 4 survivors (4096K)
 Metaspace       used 88193K, committed 89088K, reserved 1179648K
  class space    used 12629K, committed 12992K, reserved 1048576K
}
Event: 1388.700 GC heap after
{Heap after GC invocations=58 (full 9):
 garbage-first heap   total 84992K, used 41929K [0x000000008ac00000, 0x0000000100000000)
  region size 1024K, 3 young (3072K), 3 survivors (3072K)
 Metaspace       used 88193K, committed 89088K, reserved 1179648K
  class space    used 12629K, committed 12992K, reserved 1048576K
}
Event: 1487.217 GC heap before
{Heap before GC invocations=59 (full 9):
 garbage-first heap   total 84992K, used 62409K [0x000000008ac00000, 0x0000000100000000)
  region size 1024K, 24 young (24576K), 3 survivors (3072K)
 Metaspace       used 88070K, committed 89088K, reserved 1179648K
  class space    used 12598K, committed 12992K, reserved 1048576K
}
Event: 1487.285 GC heap after
{Heap after GC invocations=60 (full 10):
 garbage-first heap   total 84992K, used 31778K [0x000000008ac00000, 0x0000000100000000)
  region size 1024K, 0 young (0K), 0 survivors (0K)
 Metaspace       used 87942K, committed 89088K, reserved 1179648K
  class space    used 12563K, committed 12992K, reserved 1048576K
}
Event: 1487.980 GC heap before
{Heap before GC invocations=60 (full 10):
 garbage-first heap   total 84992K, used 69666K [0x000000008ac00000, 0x0000000100000000)
  region size 1024K, 38 young (38912K), 0 survivors (0K)
 Metaspace       used 88130K, committed 89088K, reserved 1179648K
  class space    used 12601K, committed 12992K, reserved 1048576K
}
Event: 1487.986 GC heap after
{Heap after GC invocations=61 (full 10):
 garbage-first heap   total 84992K, used 36066K [0x000000008ac00000, 0x0000000100000000)
  region size 1024K, 5 young (5120K), 5 survivors (5120K)
 Metaspace       used 88130K, committed 89088K, reserved 1179648K
  class space    used 12601K, committed 12992K, reserved 1048576K
}
Event: 1488.586 GC heap before
{Heap before GC invocations=61 (full 10):
 garbage-first heap   total 84992K, used 69858K [0x000000008ac00000, 0x0000000100000000)
  region size 1024K, 39 young (39936K), 5 survivors (5120K)
 Metaspace       used 88560K, committed 89472K, reserved 1179648K
  class space    used 12659K, committed 13056K, reserved 1048576K
}
Event: 1488.596 GC heap after
{Heap after GC invocations=62 (full 10):
 garbage-first heap   total 84992K, used 40098K [0x000000008ac00000, 0x0000000100000000)
  region size 1024K, 5 young (5120K), 5 survivors (5120K)
 Metaspace       used 88560K, committed 89472K, reserved 1179648K
  class space    used 12659K, committed 13056K, reserved 1048576K
}
Event: 1559.432 GC heap before
{Heap before GC invocations=62 (full 10):
 garbage-first heap   total 84992K, used 70818K [0x000000008ac00000, 0x0000000100000000)
  region size 1024K, 35 young (35840K), 5 survivors (5120K)
 Metaspace       used 88649K, committed 89536K, reserved 1179648K
  class space    used 12680K, committed 13056K, reserved 1048576K
}
Event: 1559.439 GC heap after
{Heap after GC invocations=63 (full 10):
 garbage-first heap   total 84992K, used 41853K [0x000000008ac00000, 0x0000000100000000)
  region size 1024K, 3 young (3072K), 3 survivors (3072K)
 Metaspace       used 88649K, committed 89536K, reserved 1179648K
  class space    used 12680K, committed 13056K, reserved 1048576K
}
Event: 1711.735 GC heap before
{Heap before GC invocations=64 (full 10):
 garbage-first heap   total 84992K, used 72573K [0x000000008ac00000, 0x0000000100000000)
  region size 1024K, 33 young (33792K), 3 survivors (3072K)
 Metaspace       used 88521K, committed 89536K, reserved 1179648K
  class space    used 12648K, committed 13056K, reserved 1048576K
}

